TN:
SF:/Users/omallassi/code/rust/apis-catalog/cli/src/main.rs
FNF:0
DA:33,0
DA:34,0
DA:36,0
DA:49,0
DA:50,0
DA:51,0
DA:52,0
DA:54,0
DA:55,0
DA:59,0
DA:60,0
DA:61,0
DA:62,0
DA:64,0
DA:65,0
DA:66,0
DA:67,0
DA:68,0
DA:83,0
DA:85,0
DA:86,0
DA:88,0
DA:89,0
DA:93,0
DA:95,0
DA:96,0
DA:98,0
DA:99,0
DA:100,0
DA:117,0
DA:118,0
DA:119,0
DA:121,0
DA:124,0
DA:125,0
DA:126,0
DA:128,0
DA:129,0
DA:130,0
DA:131,0
DA:132,0
DA:136,0
DA:138,0
DA:141,0
DA:142,0
DA:143,0
DA:145,0
DA:148,0
DA:149,0
DA:150,0
DA:160,0
DA:161,0
DA:162,0
DA:164,0
DA:167,0
DA:168,0
DA:169,0
DA:171,0
DA:172,0
DA:173,0
DA:174,0
DA:175,0
DA:179,0
DA:181,0
DA:197,0
DA:198,0
DA:201,0
DA:202,0
DA:204,0
DA:206,0
DA:208,0
DA:209,0
DA:211,0
DA:214,0
DA:215,0
DA:216,0
DA:217,0
DA:218,0
DA:219,0
DA:220,0
DA:222,0
DA:223,0
DA:225,0
DA:228,0
DA:229,0
DA:231,0
DA:233,0
DA:237,0
DA:238,0
DA:240,0
DA:241,0
DA:242,0
DA:243,0
DA:244,0
DA:248,0
DA:250,0
DA:266,0
DA:267,0
DA:270,0
DA:271,0
DA:273,0
DA:275,0
DA:277,0
DA:278,0
DA:280,0
DA:283,0
DA:284,0
DA:285,0
DA:287,0
DA:289,0
DA:290,0
DA:291,0
DA:293,0
DA:294,0
DA:295,0
DA:296,0
DA:297,0
DA:301,0
DA:303,0
DA:330,0
DA:331,0
DA:336,0
DA:338,0
DA:341,0
DA:342,0
DA:344,0
DA:345,0
DA:347,0
DA:350,0
DA:352,0
DA:354,0
DA:355,0
DA:357,0
DA:360,0
DA:361,0
DA:363,0
DA:365,0
DA:367,0
DA:368,0
DA:370,0
DA:371,0
DA:372,0
DA:373,0
DA:374,0
DA:376,0
DA:377,0
DA:378,0
DA:379,0
DA:380,0
DA:381,0
DA:382,0
DA:383,0
DA:388,0
DA:390,0
DA:393,0
DA:394,0
DA:396,0
DA:397,0
DA:398,0
DA:399,0
DA:400,0
DA:403,0
DA:405,0
DA:406,0
DA:409,0
DA:410,0
DA:412,0
DA:415,0
DA:416,0
DA:418,0
DA:420,0
DA:421,0
DA:424,0
DA:425,0
DA:427,0
DA:442,0
DA:443,0
DA:444,0
DA:446,0
DA:448,0
DA:449,0
DA:450,0
DA:452,0
DA:453,0
DA:454,0
DA:455,0
DA:456,0
DA:460,0
DA:462,0
DA:465,0
DA:466,0
DA:469,0
DA:470,0
DA:471,0
DA:473,0
DA:475,0
DA:477,0
DA:478,0
DA:480,0
LF:199
LH:0
end_of_record
TN:
SF:/Users/omallassi/code/rust/apis-catalog/cli/src/settings/mod.rs
FNF:0
DA:19,0
DA:21,0
DA:23,0
DA:24,0
DA:28,0
DA:31,0
DA:32,0
LF:7
LH:0
end_of_record
TN:
SF:/Users/omallassi/code/rust/apis-catalog/server/src/app/apis.rs
FNF:0
DA:37,0
DA:38,0
DA:39,0
DA:41,0
DA:42,0
DA:43,0
DA:45,0
DA:48,0
DA:49,0
DA:50,0
DA:51,0
DA:52,0
DA:53,0
DA:55,0
DA:57,0
DA:67,0
DA:68,0
DA:70,0
DA:72,0
DA:74,0
DA:75,0
DA:76,0
DA:77,0
DA:81,0
DA:105,0
DA:106,0
DA:107,0
DA:108,0
DA:109,0
DA:110,0
DA:114,0
DA:115,0
DA:116,0
DA:117,0
DA:118,0
DA:119,0
DA:130,0
DA:131,0
DA:133,0
DA:135,0
DA:139,0
DA:140,0
DA:142,0
DA:143,0
DA:144,0
DA:145,0
DA:146,0
DA:150,0
DA:152,0
DA:154,0
DA:155,0
DA:156,0
DA:157,0
DA:164,0
DA:165,0
DA:166,0
DA:167,0
DA:169,0
DA:174,0
DA:175,0
DA:176,0
DA:177,0
DA:178,0
DA:179,0
DA:180,0
DA:182,0
DA:185,0
DA:187,0
DA:190,0
DA:191,0
DA:193,0
DA:194,0
DA:196,0
DA:198,0
DA:199,0
DA:200,0
DA:204,0
DA:205,0
DA:206,0
DA:207,0
DA:208,0
DA:209,0
DA:210,0
DA:213,0
DA:216,0
DA:217,0
DA:219,0
DA:222,0
DA:223,0
DA:226,0
DA:228,0
DA:231,0
DA:232,0
DA:234,0
DA:236,0
DA:237,0
DA:239,0
DA:241,0
DA:287,0
DA:288,0
DA:289,0
DA:290,0
DA:293,0
DA:294,0
DA:296,0
DA:297,0
DA:298,0
DA:300,0
DA:301,0
DA:303,0
DA:304,0
DA:305,0
DA:307,0
DA:308,0
DA:312,0
DA:314,0
DA:317,0
DA:318,0
DA:321,0
DA:325,0
DA:326,0
DA:327,0
DA:329,0
DA:331,0
DA:334,0
DA:335,0
DA:336,0
DA:338,0
DA:340,0
DA:342,0
DA:343,0
DA:344,0
DA:346,0
DA:349,0
DA:351,0
DA:353,0
DA:421,0
DA:422,0
DA:424,0
DA:427,0
DA:430,0
DA:431,0
DA:433,0
DA:434,0
DA:435,0
DA:436,0
DA:438,0
DA:440,0
DA:441,0
DA:442,0
DA:444,0
DA:447,0
DA:449,0
DA:450,0
DA:451,0
DA:452,0
DA:453,0
DA:454,0
DA:456,0
DA:457,0
DA:459,0
DA:461,0
DA:463,0
DA:464,0
DA:466,0
DA:468,0
DA:470,0
DA:471,0
DA:473,0
DA:475,0
DA:477,0
DA:478,0
DA:480,0
DA:482,0
DA:484,0
DA:503,0
DA:506,0
DA:508,0
LF:178
LH:0
end_of_record
TN:
SF:/Users/omallassi/code/rust/apis-catalog/server/src/app/catalogs.rs
FNF:0
DA:26,0
DA:27,0
DA:28,0
DA:30,0
DA:32,0
DA:33,0
DA:36,0
DA:37,0
DA:38,0
DA:41,0
DA:45,0
DA:46,0
DA:48,0
DA:50,0
DA:51,0
DA:52,0
DA:53,0
DA:54,0
DA:55,0
DA:58,0
DA:62,0
DA:63,0
DA:64,0
DA:65,0
DA:68,0
DA:69,0
DA:70,0
DA:71,0
DA:72,0
DA:75,0
DA:76,0
LF:31
LH:0
end_of_record
TN:
SF:/Users/omallassi/code/rust/apis-catalog/server/src/app/config.rs
FNF:0
DA:20,0
DA:21,0
DA:23,0
DA:24,0
DA:25,0
DA:26,0
DA:29,0
LF:7
LH:0
end_of_record
TN:
SF:/Users/omallassi/code/rust/apis-catalog/server/src/app/dao/catalog/handlers/implem/asyncapi.rs
FNF:0
DA:9,3
DA:10,3
DA:14,2
DA:15,2
DA:18,4
DA:19,2
DA:21,0
DA:25,2
DA:26,2
DA:27,2
DA:28,4
DA:29,6
DA:30,2
DA:34,2
DA:37,2
DA:38,2
DA:39,2
DA:40,4
DA:41,6
DA:42,2
DA:46,2
DA:49,2
DA:50,2
DA:51,2
DA:53,2
DA:56,0
DA:57,0
DA:60,0
DA:61,0
DA:64,0
DA:68,0
DA:69,0
DA:72,3
DA:73,3
DA:76,0
DA:77,0
DA:87,2
DA:88,2
DA:92,1
DA:93,1
DA:96,2
DA:97,1
DA:99,0
DA:103,1
DA:104,1
DA:105,1
DA:106,2
DA:107,3
DA:108,1
DA:112,1
DA:115,1
DA:116,1
DA:117,1
DA:118,2
DA:119,1
DA:120,0
DA:124,1
DA:127,1
DA:128,1
DA:129,1
DA:131,1
DA:134,0
DA:135,0
DA:138,0
DA:139,0
DA:142,0
DA:146,0
DA:147,0
DA:150,3
DA:151,3
DA:154,0
DA:155,0
LF:72
LH:51
end_of_record
TN:
SF:/Users/omallassi/code/rust/apis-catalog/server/src/app/dao/catalog/handlers/implem/opanapi.rs
FNF:0
DA:12,11
DA:13,11
DA:14,11
DA:15,11
DA:17,0
DA:18,0
DA:25,3
DA:26,3
DA:29,2
DA:30,2
DA:33,2
DA:34,4
DA:35,1
DA:36,1
DA:39,2
DA:42,2
DA:43,2
DA:46,6
DA:47,6
DA:49,6
DA:50,12
DA:51,6
DA:52,6
DA:54,6
DA:55,6
DA:56,6
DA:57,6
DA:58,6
DA:59,6
DA:60,6
DA:61,6
DA:65,6
DA:67,90
DA:68,58
DA:69,8
DA:70,8
DA:71,8
DA:73,8
DA:74,8
DA:75,8
DA:77,8
DA:78,8
DA:79,8
DA:80,8
DA:85,6
DA:88,0
DA:93,6
DA:96,3
DA:97,6
DA:98,2
DA:99,1
DA:102,3
DA:105,2
DA:106,4
DA:107,1
DA:108,1
DA:111,2
DA:114,6
DA:115,12
DA:116,4
DA:117,2
DA:120,6
DA:123,10
DA:124,20
DA:125,4
DA:126,4
DA:127,12
DA:129,4
DA:132,4
DA:135,6
DA:136,6
DA:138,6
DA:142,10
DA:145,8
DA:146,16
DA:147,2
DA:156,6
DA:157,0
DA:159,6
DA:164,8
LF:80
LH:76
end_of_record
TN:
SF:/Users/omallassi/code/rust/apis-catalog/server/src/app/dao/catalog/handlers/implem/proto.rs
FNF:0
DA:7,1
DA:9,1
DA:15,1
DA:16,1
DA:19,0
DA:20,0
DA:23,0
DA:24,0
DA:27,0
DA:28,0
DA:31,0
DA:32,0
DA:35,0
DA:39,0
DA:43,0
DA:47,0
DA:51,0
LF:17
LH:4
end_of_record
TN:
SF:/Users/omallassi/code/rust/apis-catalog/server/src/app/dao/catalog/handlers/mod.rs
FNF:0
DA:58,16
DA:59,16
DA:64,16
DA:65,16
LF:4
LH:4
end_of_record
TN:
SF:/Users/omallassi/code/rust/apis-catalog/server/src/app/dao/catalog/mod.rs
FNF:0
DA:24,4
DA:25,8
DA:26,3
DA:27,3
DA:28,3
DA:31,1
DA:33,1
DA:34,1
DA:35,1
DA:37,3
DA:38,1
DA:40,1
DA:44,1
DA:45,1
DA:50,1
DA:52,9
DA:53,4
DA:54,4
DA:56,4
DA:57,4
DA:58,4
DA:59,4
DA:61,4
DA:62,4
DA:63,4
DA:65,0
DA:66,0
DA:71,1
DA:72,1
DA:75,1
DA:78,1
DA:81,1
DA:83,1
DA:89,4
DA:92,0
DA:93,0
DA:94,0
DA:96,0
DA:97,0
DA:101,0
DA:105,0
DA:107,0
DA:108,0
DA:111,0
DA:113,0
DA:114,0
DA:116,0
DA:117,0
DA:118,0
DA:120,0
DA:123,0
DA:124,0
DA:126,0
DA:127,0
DA:132,0
DA:137,0
DA:138,0
DA:140,0
DA:142,0
DA:143,0
DA:144,0
DA:146,0
DA:147,0
DA:155,0
DA:157,0
DA:160,0
DA:161,0
DA:164,0
DA:166,0
DA:167,0
DA:170,0
DA:171,0
DA:172,0
DA:173,0
DA:175,0
DA:176,0
DA:181,0
DA:184,2
DA:185,2
DA:190,4
DA:191,2
DA:192,0
DA:193,0
DA:196,2
DA:198,2
DA:201,2
DA:202,1
DA:203,1
DA:205,1
DA:206,1
DA:211,1
DA:213,3
DA:214,2
DA:215,2
DA:216,2
DA:220,0
DA:227,1
DA:232,2
DA:234,2
DA:235,2
DA:240,7
DA:243,5
DA:244,5
DA:247,5
DA:249,5
DA:250,3
DA:251,8
DA:252,10
DA:253,4
DA:255,1
DA:256,1
DA:259,5
DA:260,5
DA:261,1
DA:262,1
DA:264,4
DA:265,4
DA:271,2
DA:283,6
DA:285,4
DA:286,1
DA:288,3
DA:292,2
DA:295,0
DA:298,0
DA:300,0
DA:302,0
DA:304,0
DA:305,0
DA:309,0
DA:310,0
DA:311,0
DA:312,0
DA:314,0
DA:315,0
DA:320,0
DA:323,1
DA:327,1
DA:332,2
DA:333,1
DA:334,0
DA:335,0
DA:338,1
DA:339,1
DA:340,1
DA:345,1
DA:346,1
DA:350,1
DA:352,1
DA:354,1
DA:355,1
DA:356,1
DA:357,1
DA:358,1
DA:359,0
DA:360,0
DA:362,1
DA:363,1
DA:368,0
DA:369,0
DA:374,1
DA:377,1
DA:378,1
DA:379,7
DA:380,3
DA:382,0
DA:384,3
DA:385,3
DA:387,3
DA:390,1
DA:392,1
DA:406,1
DA:408,1
DA:409,1
DA:412,1
DA:415,0
DA:416,0
DA:417,0
LF:178
LH:107
end_of_record
TN:
SF:/Users/omallassi/code/rust/apis-catalog/server/src/app/dao/catalog/spec.rs
FNF:0
DA:16,3
DA:17,3
DA:20,5
DA:21,5
DA:24,0
DA:25,0
DA:28,4
DA:29,4
DA:32,3
DA:33,3
DA:36,3
DA:37,3
DA:40,3
DA:41,3
DA:44,6
DA:45,6
DA:46,6
DA:47,0
DA:50,6
DA:53,3
DA:54,3
DA:57,2
DA:58,2
DA:61,6
DA:62,6
DA:65,16
DA:66,16
DA:69,8
DA:70,8
DA:73,1
DA:74,1
DA:75,1
DA:76,1
DA:78,1
DA:81,3
DA:82,3
DA:87,13
DA:89,13
DA:90,13
DA:91,13
DA:92,13
DA:93,13
DA:96,78
DA:98,13
DA:99,32
DA:100,19
DA:101,26
DA:103,18
DA:104,9
DA:105,9
DA:106,9
DA:107,9
DA:108,9
DA:109,9
DA:110,9
DA:113,9
DA:115,0
DA:116,0
DA:117,0
DA:119,0
DA:123,9
DA:126,4
DA:127,2
DA:128,2
DA:129,2
DA:130,2
DA:131,2
DA:132,2
DA:133,2
DA:136,2
DA:138,0
DA:139,0
DA:140,0
DA:142,0
DA:146,2
DA:149,4
DA:150,2
DA:151,2
DA:152,2
DA:153,2
DA:154,2
DA:155,2
DA:156,2
DA:159,2
DA:161,0
DA:162,0
DA:163,0
DA:165,0
DA:169,2
DA:175,0
DA:176,0
DA:178,0
DA:181,13
DA:185,13
DA:190,3
DA:191,3
DA:192,3
DA:194,3
DA:196,3
LF:99
LH:81
end_of_record
TN:
SF:/Users/omallassi/code/rust/apis-catalog/server/src/app/dao/repo_apis/mod.rs
FNF:0
DA:39,0
DA:40,0
DA:41,0
DA:80,0
DA:85,0
DA:88,0
DA:89,0
DA:90,0
DA:92,0
DA:93,0
DA:94,0
DA:95,0
DA:96,0
DA:97,0
DA:98,0
DA:99,0
DA:102,0
DA:103,0
DA:104,0
DA:105,0
DA:106,0
DA:109,0
DA:110,0
DA:111,0
DA:112,0
DA:114,0
DA:115,0
DA:128,0
DA:131,0
DA:134,0
DA:135,0
DA:136,0
DA:138,0
DA:139,0
DA:140,0
DA:141,0
DA:142,0
DA:146,0
DA:149,0
DA:150,0
DA:151,0
DA:153,0
DA:154,0
DA:155,0
DA:156,0
DA:157,0
DA:161,0
DA:164,0
DA:169,0
DA:170,0
DA:172,0
DA:173,0
DA:175,0
DA:180,0
DA:182,0
DA:185,0
DA:186,0
DA:187,0
DA:189,0
DA:190,0
DA:191,0
DA:192,0
DA:194,0
DA:195,0
DA:196,0
DA:197,0
DA:198,0
DA:201,0
DA:202,0
DA:203,0
DA:204,0
DA:205,0
DA:206,0
DA:207,0
DA:213,0
DA:214,0
DA:215,0
DA:216,0
DA:217,0
DA:221,0
DA:224,0
DA:228,0
DA:229,0
DA:231,0
DA:232,0
DA:233,0
DA:234,0
DA:236,0
DA:237,0
DA:238,0
DA:240,0
DA:241,0
DA:242,0
DA:243,0
DA:244,0
DA:247,0
DA:248,0
DA:249,0
DA:250,0
DA:252,0
DA:253,0
DA:259,0
DA:260,0
DA:261,0
DA:262,0
DA:263,0
DA:267,0
DA:270,0
DA:274,0
DA:275,0
DA:278,0
DA:280,0
DA:283,0
DA:285,0
DA:288,0
DA:290,0
DA:293,0
DA:298,0
DA:299,0
DA:302,0
DA:304,0
DA:307,0
DA:309,0
DA:312,0
DA:313,0
DA:314,0
DA:316,0
DA:317,0
DA:319,0
DA:322,0
DA:324,0
DA:327,0
DA:328,0
DA:329,0
DA:331,0
DA:332,0
DA:334,0
DA:335,0
DA:336,0
DA:337,0
DA:339,0
DA:341,0
DA:344,0
LF:143
LH:0
end_of_record
TN:
SF:/Users/omallassi/code/rust/apis-catalog/server/src/app/dao/repo_deployments/mod.rs
FNF:0
DA:13,0
DA:14,0
DA:15,0
DA:17,0
DA:23,0
DA:32,0
DA:33,0
DA:36,0
DA:39,0
DA:41,0
DA:44,0
DA:47,0
DA:48,0
DA:50,0
DA:56,0
DA:58,0
DA:59,0
DA:61,0
DA:62,0
DA:63,0
DA:64,0
DA:65,0
DA:67,0
DA:70,0
DA:73,0
DA:77,0
DA:78,0
DA:80,0
DA:86,0
DA:88,0
DA:89,0
DA:91,0
DA:92,0
DA:93,0
DA:94,0
DA:95,0
DA:97,0
DA:100,0
LF:38
LH:0
end_of_record
TN:
SF:/Users/omallassi/code/rust/apis-catalog/server/src/app/dao/repo_domains/mod.rs
FNF:0
DA:56,0
DA:57,0
DA:58,0
DA:60,0
DA:61,0
DA:62,0
DA:63,0
DA:67,0
DA:68,0
DA:70,0
DA:71,0
DA:72,0
DA:73,0
DA:105,0
DA:108,0
DA:109,0
DA:110,0
DA:112,0
DA:114,0
DA:116,0
DA:117,0
DA:119,0
DA:121,0
DA:123,0
DA:128,0
DA:129,0
DA:130,0
DA:131,0
DA:132,0
DA:137,3
DA:138,3
DA:140,13
DA:141,5
DA:142,5
DA:143,5
DA:144,5
DA:146,5
DA:148,5
DA:150,3
DA:153,2
DA:154,2
DA:156,11
DA:157,3
DA:158,3
DA:159,3
DA:161,3
DA:167,3
DA:172,0
DA:176,0
DA:178,0
DA:179,0
DA:181,0
DA:182,0
DA:184,0
DA:186,0
DA:187,0
DA:188,0
DA:189,0
DA:191,0
DA:194,0
DA:197,0
DA:204,0
DA:206,0
DA:209,0
DA:214,0
DA:216,0
DA:217,0
DA:218,0
DA:219,0
DA:220,0
DA:221,0
DA:225,0
DA:226,0
DA:237,0
DA:241,0
DA:242,0
DA:244,0
DA:247,0
DA:249,0
DA:250,0
DA:252,0
DA:253,0
DA:254,0
DA:255,0
DA:256,0
DA:257,0
DA:265,0
DA:268,0
DA:271,0
DA:278,0
DA:279,0
DA:281,0
DA:287,0
DA:289,0
DA:290,0
DA:292,0
DA:295,0
DA:296,0
DA:299,0
DA:304,0
DA:305,0
DA:307,0
DA:310,0
DA:312,0
DA:313,0
DA:314,0
DA:315,0
DA:316,0
DA:317,0
DA:318,0
DA:322,0
DA:325,0
DA:326,0
DA:327,0
DA:329,0
DA:335,0
DA:337,0
DA:338,0
DA:340,0
LF:119
LH:18
end_of_record
TN:
SF:/Users/omallassi/code/rust/apis-catalog/server/src/app/dao/repo_envs/mod.rs
FNF:0
DA:20,0
DA:21,0
DA:22,0
DA:24,0
DA:27,0
DA:36,0
DA:37,0
DA:39,0
DA:40,0
DA:41,0
DA:42,0
DA:43,0
DA:50,0
DA:53,0
DA:56,0
DA:57,0
DA:58,0
DA:60,0
DA:63,0
DA:72,0
DA:73,0
DA:74,0
DA:75,0
DA:76,0
DA:77,0
DA:81,0
DA:84,0
DA:89,0
DA:90,0
DA:92,0
DA:95,0
DA:104,0
DA:105,0
DA:107,0
DA:110,0
DA:112,0
LF:36
LH:0
end_of_record
TN:
SF:/Users/omallassi/code/rust/apis-catalog/server/src/app/dao/repo_layers/mod.rs
FNF:0
DA:18,2
DA:19,4
DA:20,2
DA:21,2
DA:23,2
DA:25,0
DA:26,0
DA:27,0
DA:31,2
DA:32,2
DA:33,2
DA:34,0
DA:35,0
LF:13
LH:8
end_of_record
TN:
SF:/Users/omallassi/code/rust/apis-catalog/server/src/app/dao/repo_metrics/mod.rs
FNF:0
DA:12,0
DA:17,0
DA:18,0
DA:20,0
DA:26,0
DA:35,0
DA:37,0
DA:40,0
DA:48,0
DA:51,0
DA:52,0
DA:54,0
DA:60,0
DA:69,0
DA:70,0
DA:72,0
DA:73,0
DA:74,0
DA:75,0
DA:77,0
DA:80,0
DA:82,0
DA:85,0
DA:93,0
DA:94,0
DA:96,0
DA:102,0
DA:114,0
DA:116,0
DA:119,0
DA:127,0
DA:130,0
DA:131,0
DA:133,0
DA:139,0
DA:151,0
DA:152,0
DA:154,0
DA:155,0
DA:157,0
DA:158,0
DA:159,0
DA:160,0
DA:161,0
DA:165,0
DA:167,0
DA:170,0
DA:175,0
DA:176,0
DA:178,0
DA:184,0
DA:193,0
DA:195,0
DA:198,0
DA:201,0
DA:204,0
DA:205,0
DA:207,0
DA:213,0
DA:222,0
DA:223,0
DA:225,0
DA:226,0
DA:227,0
DA:228,0
DA:230,0
DA:233,0
DA:235,0
DA:238,0
DA:243,0
DA:244,0
DA:246,0
DA:252,0
DA:254,0
DA:255,0
DA:256,0
DA:257,0
DA:259,0
DA:261,0
DA:264,0
DA:269,0
DA:270,0
DA:272,0
DA:278,0
DA:280,0
DA:281,0
DA:282,0
DA:283,0
DA:285,0
DA:287,0
DA:295,0
DA:298,0
DA:299,0
DA:301,0
DA:307,0
DA:309,0
DA:310,0
DA:312,0
DA:313,0
DA:314,0
DA:315,0
DA:316,0
DA:317,0
DA:318,0
DA:322,0
DA:324,0
DA:332,0
DA:335,0
DA:336,0
DA:338,0
DA:344,0
DA:346,0
DA:347,0
DA:348,0
DA:350,0
DA:351,0
DA:352,0
DA:353,0
DA:354,0
DA:355,0
DA:356,0
DA:360,0
DA:362,0
LF:123
LH:0
end_of_record
TN:
SF:/Users/omallassi/code/rust/apis-catalog/server/src/app/dao/search/mod.rs
FNF:0
DA:16,1
DA:17,1
DA:19,1
DA:21,1
DA:22,0
DA:25,1
DA:28,1
DA:29,1
DA:30,1
DA:31,1
DA:32,1
DA:33,1
DA:34,1
DA:35,1
DA:36,1
DA:37,1
DA:38,1
DA:39,1
DA:41,1
DA:43,2
DA:44,2
DA:45,2
DA:47,1
DA:48,1
DA:50,1
DA:51,1
DA:52,1
DA:53,1
DA:54,1
DA:55,1
DA:56,1
DA:57,1
DA:58,1
DA:59,1
DA:60,1
DA:63,3
DA:64,1
DA:65,1
DA:66,2
DA:68,1
DA:69,1
DA:70,1
DA:72,4
DA:73,1
DA:74,1
DA:75,1
DA:76,1
DA:77,1
DA:78,1
DA:81,1
DA:82,1
DA:83,1
DA:84,1
DA:85,1
DA:86,1
DA:87,1
DA:88,1
DA:89,1
DA:90,1
DA:91,1
DA:92,1
DA:93,1
DA:96,1
DA:97,1
DA:99,1
DA:115,2
DA:116,2
DA:118,2
DA:119,4
DA:121,4
DA:123,2
DA:124,2
DA:125,2
DA:126,2
DA:127,2
DA:128,2
DA:129,2
DA:130,2
DA:131,2
DA:132,2
DA:133,2
DA:134,2
DA:136,2
DA:138,2
DA:139,2
DA:140,2
DA:141,2
DA:142,2
DA:143,2
DA:144,2
DA:145,2
DA:146,2
DA:147,2
DA:148,2
DA:150,4
DA:152,2
DA:155,2
DA:156,2
DA:157,4
DA:158,2
DA:159,0
DA:161,4
DA:164,2
DA:165,4
DA:166,2
DA:167,1
DA:169,1
DA:170,1
DA:171,1
DA:174,2
LF:110
LH:108
end_of_record
TN:
SF:/Users/omallassi/code/rust/apis-catalog/server/src/app/deployments.rs
FNF:0
DA:27,0
DA:29,0
DA:30,0
DA:31,0
DA:35,0
DA:39,0
DA:41,0
DA:44,0
DA:45,0
DA:46,0
DA:47,0
DA:48,0
DA:52,0
DA:54,0
DA:55,0
DA:57,0
DA:60,0
DA:63,0
DA:64,0
DA:66,0
DA:69,0
DA:70,0
DA:71,0
DA:72,0
DA:73,0
DA:74,0
DA:78,0
DA:80,0
DA:81,0
DA:83,0
DA:86,0
LF:31
LH:0
end_of_record
TN:
SF:/Users/omallassi/code/rust/apis-catalog/server/src/app/domains.rs
FNF:0
DA:49,0
DA:50,0
DA:57,0
DA:58,0
DA:59,0
DA:60,0
DA:78,0
DA:79,0
DA:81,0
DA:83,0
DA:85,0
DA:86,0
DA:89,0
DA:91,0
DA:95,0
DA:96,0
DA:99,0
DA:102,0
DA:105,0
DA:106,0
DA:107,0
DA:109,0
DA:111,0
DA:112,0
DA:117,0
DA:118,0
DA:119,0
DA:120,0
DA:122,0
DA:123,0
DA:124,0
DA:132,0
DA:133,0
DA:135,0
DA:142,0
DA:151,0
DA:153,0
DA:154,0
DA:155,0
DA:156,0
DA:159,0
DA:164,0
DA:166,0
DA:170,0
DA:171,0
DA:173,0
DA:175,0
DA:181,0
DA:183,0
DA:184,0
DA:186,0
DA:187,0
DA:188,0
DA:190,0
DA:191,0
DA:192,0
DA:194,0
DA:195,0
DA:196,0
DA:197,0
DA:203,0
DA:204,0
DA:205,0
DA:207,0
DA:208,0
DA:210,0
DA:216,0
DA:217,0
DA:218,0
DA:222,0
DA:224,0
DA:229,0
DA:230,0
DA:231,0
DA:234,0
DA:235,0
DA:238,0
DA:242,0
DA:243,0
DA:247,0
DA:248,0
DA:250,0
DA:251,0
DA:252,0
DA:253,0
DA:254,0
DA:255,0
DA:260,0
DA:261,0
DA:264,0
DA:265,0
DA:266,0
DA:267,0
DA:268,0
DA:271,0
DA:277,0
DA:279,0
DA:280,0
DA:283,0
DA:284,0
DA:285,0
DA:286,0
DA:289,0
DA:292,0
DA:294,0
DA:298,0
DA:299,0
DA:301,0
DA:303,0
DA:304,0
DA:305,0
DA:306,0
DA:310,0
DA:311,0
DA:315,0
DA:316,0
DA:317,0
DA:318,0
DA:321,0
DA:322,0
DA:323,0
DA:324,0
DA:325,0
DA:326,0
DA:327,0
DA:328,0
DA:331,0
DA:332,0
DA:333,0
DA:334,0
DA:336,0
DA:339,0
DA:341,0
DA:342,0
DA:346,0
LF:135
LH:0
end_of_record
TN:
SF:/Users/omallassi/code/rust/apis-catalog/server/src/app/envs.rs
FNF:0
DA:31,0
DA:32,0
DA:33,0
DA:35,0
DA:38,0
DA:39,0
DA:40,0
DA:42,0
DA:43,0
DA:45,0
DA:46,0
DA:47,0
DA:49,0
DA:51,0
DA:54,0
DA:56,0
DA:60,0
DA:64,0
DA:65,0
DA:67,0
DA:69,0
DA:70,0
DA:71,0
DA:72,0
DA:73,0
DA:77,0
DA:79,0
DA:80,0
DA:81,0
DA:83,0
DA:86,0
LF:31
LH:0
end_of_record
TN:
SF:/Users/omallassi/code/rust/apis-catalog/server/src/app/metrics.rs
FNF:0
DA:35,0
DA:36,0
DA:38,0
DA:39,0
DA:40,0
DA:41,0
DA:46,0
DA:50,0
DA:51,0
DA:52,0
DA:53,0
DA:58,0
DA:62,0
DA:63,0
DA:64,0
DA:65,0
DA:66,0
DA:67,0
DA:71,0
DA:72,0
DA:73,0
DA:74,0
DA:75,0
DA:76,0
DA:79,0
DA:80,0
DA:81,0
DA:82,0
DA:87,0
DA:92,0
DA:93,0
DA:95,0
DA:96,0
DA:97,0
DA:102,0
DA:103,0
DA:104,0
DA:105,0
DA:106,0
DA:107,0
DA:108,0
DA:109,0
DA:110,0
DA:113,0
DA:115,0
DA:117,0
DA:118,0
DA:119,0
DA:120,0
DA:121,0
DA:123,0
DA:125,0
DA:139,0
DA:143,0
DA:144,0
DA:146,0
DA:149,0
DA:150,0
DA:153,0
DA:154,0
DA:155,0
DA:157,0
DA:158,0
DA:159,0
DA:160,0
DA:161,0
DA:162,0
DA:167,0
DA:169,0
DA:175,0
DA:176,0
DA:179,0
DA:181,0
DA:185,0
DA:186,0
DA:189,0
DA:191,0
DA:192,0
DA:193,0
DA:197,0
DA:200,1
DA:201,1
DA:204,1
DA:208,1
DA:210,1
DA:211,1
DA:213,3
DA:214,2
DA:215,2
DA:217,0
DA:218,0
DA:222,2
DA:224,2
DA:226,2
DA:230,1
DA:232,0
DA:233,0
DA:234,0
DA:235,0
DA:239,1
DA:240,1
DA:241,1
DA:242,1
DA:243,1
DA:248,0
DA:249,0
DA:251,0
DA:252,0
DA:253,0
DA:255,0
DA:259,0
DA:260,0
DA:262,0
DA:265,0
LF:114
LH:18
end_of_record
TN:
SF:/Users/omallassi/code/rust/apis-catalog/server/src/app/search.rs
FNF:0
DA:31,0
DA:32,0
DA:34,0
DA:35,0
DA:36,0
DA:37,0
DA:38,0
DA:39,0
DA:40,0
DA:42,0
DA:43,0
DA:44,0
DA:45,0
DA:49,0
DA:50,0
DA:52,0
DA:53,0
DA:54,0
DA:55,0
DA:56,0
DA:57,0
DA:58,0
DA:59,0
DA:60,0
DA:61,0
DA:65,0
DA:67,0
DA:68,0
DA:69,0
DA:73,0
LF:30
LH:0
end_of_record
TN:
SF:/Users/omallassi/code/rust/apis-catalog/server/src/app/systems.rs
FNF:0
DA:21,15
DA:23,15
DA:28,10
DA:29,10
DA:51,0
DA:52,0
DA:54,0
DA:55,0
DA:56,0
DA:57,0
DA:60,0
DA:84,0
DA:85,0
DA:88,0
DA:89,0
DA:90,0
DA:91,0
DA:92,0
DA:95,0
DA:98,0
DA:99,0
DA:103,0
DA:106,3
DA:107,3
DA:109,3
DA:111,3
DA:113,27
DA:114,12
DA:116,3
DA:118,2
DA:120,2
DA:121,2
DA:122,0
DA:123,0
DA:124,0
DA:125,0
DA:127,2
DA:128,2
DA:129,2
DA:130,2
DA:135,1
DA:141,9
DA:146,3
DA:148,7
DA:150,2
DA:151,6
DA:152,2
DA:155,2
DA:156,2
DA:157,2
DA:162,3
DA:167,2
DA:168,2
DA:169,2
DA:170,6
DA:171,2
DA:172,2
DA:175,2
DA:178,1
DA:179,1
DA:181,1
DA:183,1
DA:185,7
DA:187,6
DA:188,6
DA:191,6
DA:192,3
DA:193,3
DA:194,3
DA:195,3
DA:196,3
DA:197,3
DA:198,3
DA:203,3
DA:205,3
DA:206,3
DA:207,3
DA:208,3
DA:209,3
DA:210,3
DA:213,3
DA:218,1
LF:82
LH:60
end_of_record
TN:
SF:/Users/omallassi/code/rust/apis-catalog/server/src/app/tiers.rs
FNF:0
DA:30,0
DA:31,0
DA:32,0
DA:33,0
DA:34,0
DA:35,0
DA:39,0
DA:41,0
DA:43,0
DA:44,0
DA:46,0
DA:49,0
DA:51,0
DA:55,0
DA:56,0
DA:58,0
DA:59,0
LF:17
LH:0
end_of_record
TN:
SF:/Users/omallassi/code/rust/apis-catalog/server/src/main.rs
FNF:0
DA:25,0
DA:28,0
DA:29,0
DA:45,0
DA:47,0
DA:66,0
DA:67,0
DA:68,0
DA:69,0
DA:70,0
DA:72,0
DA:73,0
DA:88,0
DA:89,0
DA:90,0
DA:91,0
DA:93,0
DA:94,0
DA:95,0
DA:96,0
DA:97,0
DA:98,0
DA:100,0
DA:101,0
DA:102,0
DA:103,0
DA:104,0
DA:105,0
DA:110,0
DA:111,0
DA:112,0
DA:113,0
DA:114,0
DA:115,0
DA:116,0
DA:117,0
DA:118,0
DA:119,0
DA:121,0
DA:122,0
DA:123,0
DA:127,0
DA:128,0
DA:129,0
DA:131,0
DA:132,0
DA:134,0
DA:135,0
DA:136,0
DA:137,0
DA:138,0
DA:139,0
DA:140,0
DA:141,0
DA:142,0
DA:143,0
DA:144,0
DA:145,0
DA:146,0
DA:148,0
DA:149,0
DA:151,0
LF:62
LH:0
end_of_record
TN:
SF:/Users/omallassi/code/rust/apis-catalog/server/src/shared/settings.rs
FNF:0
DA:84,0
DA:85,0
DA:87,0
DA:88,0
DA:89,0
DA:103,0
DA:104,0
DA:107,0
DA:108,0
DA:110,0
DA:111,0
DA:115,2
DA:116,2
DA:117,4
DA:118,2
DA:119,2
DA:120,2
DA:124,2
LF:18
LH:7
end_of_record
